生成启动时间为 2018/3/22 23:04:50。
     1>项目“E:\intro_to_algorithms\order_stat\order_stat\order_stat.vcxproj”在节点 2 上(build 个目标)。
     1>InitializeBuildStatus:
         正在创建“Debug\order_stat.unsuccessfulbuild”，因为已指定“AlwaysCreate”。
       ClCompile:
         所有输出均为最新。
         C:\Program Files (x86)\Microsoft Visual Studio 10.0\VC\bin\CL.exe /c /ZI /nologo /W3 /WX- /Od /Oy- /D WIN32 /D _DEBUG /D _CONSOLE /D _UNICODE /D UNICODE /Gm /EHsc /RTC1 /MDd /GS /fp:precise /Zc:wchar_t /Zc:forScope /Yu"StdAfx.h" /Fp"Debug\order_stat.pch" /Fo"Debug\\" /Fd"Debug\vc100.pdb" /Gd /TP /analyze- /errorReport:prompt order_stat.cpp
         order_stat.cpp
     1>e:\intro_to_algorithms\order_stat\order_stat\order_stat.cpp(27): warning C4101: “timep”: 未引用的局部变量
     1>e:\intro_to_algorithms\order_stat\order_stat\order_stat.cpp(30): warning C4101: “filename”: 未引用的局部变量
     1>e:\intro_to_algorithms\order_stat\order_stat\order_stat.cpp(159): warning C4996: 'localtime': This function or variable may be unsafe. Consider using localtime_s instead. To disable deprecation, use _CRT_SECURE_NO_WARNINGS. See online help for details.
                 c:\program files (x86)\microsoft visual studio 10.0\vc\include\time.inl(112) : 参见“localtime”的声明
       ManifestResourceCompile:
         所有输出均为最新。
       Link:
         C:\Program Files (x86)\Microsoft Visual Studio 10.0\VC\bin\link.exe /ERRORREPORT:PROMPT /OUT:"E:\intro_to_algorithms\order_stat\Debug\order_stat.exe" /INCREMENTAL /NOLOGO kernel32.lib user32.lib gdi32.lib winspool.lib comdlg32.lib advapi32.lib shell32.lib ole32.lib oleaut32.lib uuid.lib odbc32.lib odbccp32.lib /MANIFEST /ManifestFile:"Debug\order_stat.exe.intermediate.manifest" /MANIFESTUAC:"level='asInvoker' uiAccess='false'" /DEBUG /PDB:"E:\intro_to_algorithms\order_stat\Debug\order_stat.pdb" /SUBSYSTEM:CONSOLE /TLBID:1 /DYNAMICBASE /NXCOMPAT /IMPLIB:"E:\intro_to_algorithms\order_stat\Debug\order_stat.lib" /MACHINE:X86 Debug\order_stat.exe.embed.manifest.res
         Debug\OrderSelect.obj
         Debug\order_stat.obj
         Debug\RandomizedSelect.obj
         Debug\stdafx.obj
         Debug\WorstCaseLinearSelect.obj
       Manifest:
         C:\Program Files (x86)\Microsoft SDKs\Windows\v7.0A\bin\mt.exe /nologo /verbose /out:"Debug\order_stat.exe.embed.manifest" /manifest Debug\order_stat.exe.intermediate.manifest
         所有输出均为最新。
       LinkEmbedManifest:
         所有输出均为最新。
         order_stat.vcxproj -> E:\intro_to_algorithms\order_stat\Debug\order_stat.exe
       FinalizeBuildStatus:
         正在删除文件“Debug\order_stat.unsuccessfulbuild”。
         正在对“Debug\order_stat.lastbuildstate”执行 Touch 任务。
     1>已完成生成项目“E:\intro_to_algorithms\order_stat\order_stat\order_stat.vcxproj”(build 个目标)的操作。

生成成功。

已用时间 00:00:02.63
