生成启动时间为 2018/6/13 21:17:24。
     1>项目“E:\intro_to_algorithms\johnson\johnsonsearching\johnsonsearching\johnsonsearching.vcxproj”在节点 2 上(build 个目标)。
     1>InitializeBuildStatus:
         正在创建“Debug\johnsonsearching.unsuccessfulbuild”，因为已指定“AlwaysCreate”。
       ClCompile:
         所有输出均为最新。
         C:\Program Files (x86)\Microsoft Visual Studio 10.0\VC\bin\CL.exe /c /ZI /nologo /W3 /WX- /Od /Oy- /D WIN32 /D _DEBUG /D _CONSOLE /D _UNICODE /D UNICODE /Gm /EHsc /RTC1 /MDd /GS /fp:precise /Zc:wchar_t /Zc:forScope /Yu"StdAfx.h" /Fp"Debug\johnsonsearching.pch" /Fo"Debug\\" /Fd"Debug\vc100.pdb" /Gd /TP /analyze- /errorReport:prompt johnsonsearching.cpp
         johnsonsearching.cpp
       ManifestResourceCompile:
         所有输出均为最新。
       Link:
         C:\Program Files (x86)\Microsoft Visual Studio 10.0\VC\bin\link.exe /ERRORREPORT:PROMPT /OUT:"E:\intro_to_algorithms\johnson\johnsonsearching\Debug\johnsonsearching.exe" /INCREMENTAL /NOLOGO kernel32.lib user32.lib gdi32.lib winspool.lib comdlg32.lib advapi32.lib shell32.lib ole32.lib oleaut32.lib uuid.lib odbc32.lib odbccp32.lib /MANIFEST /ManifestFile:"Debug\johnsonsearching.exe.intermediate.manifest" /MANIFESTUAC:"level='asInvoker' uiAccess='false'" /DEBUG /PDB:"E:\intro_to_algorithms\johnson\johnsonsearching\Debug\johnsonsearching.pdb" /SUBSYSTEM:CONSOLE /TLBID:1 /DYNAMICBASE /NXCOMPAT /IMPLIB:"E:\intro_to_algorithms\johnson\johnsonsearching\Debug\johnsonsearching.lib" /MACHINE:X86 Debug\johnsonsearching.exe.embed.manifest.res
         Debug\BellmanFord.obj
         Debug\Dijkstra.obj
         Debug\SingleSrcShortest.obj
         Debug\FibHeap.obj
         Debug\graph.obj
         Debug\johnson.obj
         Debug\johnsonsearching.obj
         Debug\stdafx.obj
       Manifest:
         C:\Program Files (x86)\Microsoft SDKs\Windows\v7.0A\bin\mt.exe /nologo /verbose /out:"Debug\johnsonsearching.exe.embed.manifest" /manifest Debug\johnsonsearching.exe.intermediate.manifest
         所有输出均为最新。
       LinkEmbedManifest:
         所有输出均为最新。
         johnsonsearching.vcxproj -> E:\intro_to_algorithms\johnson\johnsonsearching\Debug\johnsonsearching.exe
       FinalizeBuildStatus:
         正在删除文件“Debug\johnsonsearching.unsuccessfulbuild”。
         正在对“Debug\johnsonsearching.lastbuildstate”执行 Touch 任务。
     1>已完成生成项目“E:\intro_to_algorithms\johnson\johnsonsearching\johnsonsearching\johnsonsearching.vcxproj”(build 个目标)的操作。

生成成功。

已用时间 00:00:01.10
